<?xml version="1.0" encoding="UTF-8"?>
<!-- Generated by org.testng.reporters.JUnitReportReporter -->
<testsuite hostname="LAPTOP-I05N7ISE" failures="0" tests="2" name="Academy.E2EProject.HomePage" time="12.845" errors="0" timestamp="2021-01-18T14:46:42 NZDT" skipped="0">
  <testcase classname="Academy.E2EProject.HomePage" name="basePageNavigation" time="10.316"/>
  <system-out/>
  <testcase classname="Academy.E2EProject.HomePage" name="basePageNavigation" time="2.529"/>
  <system-out/>
</testsuite> <!-- Academy.E2EProject.HomePage -->
