<?xml version="1.0" encoding="UTF-8"?>
<!-- Generated by org.testng.reporters.JUnitReportReporter -->
<testsuite hostname="LAPTOP-I05N7ISE" failures="0" tests="1" name="Academy.E2EProject.ValidatingNavigationBar" time="0.057" errors="0" timestamp="2021-01-18T14:46:42 NZDT" skipped="0">
  <testcase classname="Academy.E2EProject.ValidatingNavigationBar" name="basePageNavigation" time="0.057"/>
  <system-out/>
</testsuite> <!-- Academy.E2EProject.ValidatingNavigationBar -->
